2023-01-16 17:32:32 - PHP Unknown:  Return type of Twig\Node\Node::count() should either be compatible with Countable::count(): int, or the #[\ReturnTypeWillChange] attribute should be used to temporarily suppress the notice in /home/heads_dev/public_html/system/storage/vendor/twig/twig/src/Node/Node.php on line 161
2023-01-16 17:32:32 - PHP Unknown:  Return type of Twig\Node\Node::getIterator() should either be compatible with IteratorAggregate::getIterator(): Traversable, or the #[\ReturnTypeWillChange] attribute should be used to temporarily suppress the notice in /home/heads_dev/public_html/system/storage/vendor/twig/twig/src/Node/Node.php on line 166
2025-03-30 0:02:52 - PHP Warning:  fopen(/home/onlineorders/public_html/system/storage/session/sess_3bfbc3878cb98d92caacee877f): failed to open stream: Permission denied in /home/onlineorders/public_html/system/library/session/file.php on line 29
2025-03-30 0:02:52 - PHP Warning:  flock() expects parameter 1 to be resource, bool given in /home/onlineorders/public_html/system/library/session/file.php on line 31
2025-03-30 0:02:52 - PHP Warning:  fwrite() expects parameter 1 to be resource, bool given in /home/onlineorders/public_html/system/library/session/file.php on line 33
2025-03-30 0:02:52 - PHP Warning:  fflush() expects parameter 1 to be resource, bool given in /home/onlineorders/public_html/system/library/session/file.php on line 35
2025-03-30 0:02:52 - PHP Warning:  flock() expects parameter 1 to be resource, bool given in /home/onlineorders/public_html/system/library/session/file.php on line 37
2025-03-30 0:02:52 - PHP Warning:  fclose() expects parameter 1 to be resource, bool given in /home/onlineorders/public_html/system/library/session/file.php on line 39
2025-03-30 0:02:53 - PHP Warning:  fopen(/home/onlineorders/public_html/system/storage/session/sess_3bfbc3878cb98d92caacee877f): failed to open stream: Permission denied in /home/onlineorders/public_html/system/library/session/file.php on line 29
2025-03-30 0:02:53 - PHP Warning:  flock() expects parameter 1 to be resource, bool given in /home/onlineorders/public_html/system/library/session/file.php on line 31
2025-03-30 0:02:53 - PHP Warning:  fwrite() expects parameter 1 to be resource, bool given in /home/onlineorders/public_html/system/library/session/file.php on line 33
2025-03-30 0:02:53 - PHP Warning:  fflush() expects parameter 1 to be resource, bool given in /home/onlineorders/public_html/system/library/session/file.php on line 35
2025-03-30 0:02:53 - PHP Warning:  flock() expects parameter 1 to be resource, bool given in /home/onlineorders/public_html/system/library/session/file.php on line 37
2025-03-30 0:02:53 - PHP Warning:  fclose() expects parameter 1 to be resource, bool given in /home/onlineorders/public_html/system/library/session/file.php on line 39
2025-03-30 0:03:13 - PHP Warning:  fopen(/home/onlineorders/public_html/system/storage/session/sess_3bfbc3878cb98d92caacee877f): failed to open stream: Permission denied in /home/onlineorders/public_html/system/library/session/file.php on line 29
2025-03-30 0:03:13 - PHP Warning:  flock() expects parameter 1 to be resource, bool given in /home/onlineorders/public_html/system/library/session/file.php on line 31
2025-03-30 0:03:13 - PHP Warning:  fwrite() expects parameter 1 to be resource, bool given in /home/onlineorders/public_html/system/library/session/file.php on line 33
2025-03-30 0:03:13 - PHP Warning:  fflush() expects parameter 1 to be resource, bool given in /home/onlineorders/public_html/system/library/session/file.php on line 35
2025-03-30 0:03:13 - PHP Warning:  flock() expects parameter 1 to be resource, bool given in /home/onlineorders/public_html/system/library/session/file.php on line 37
2025-03-30 0:03:13 - PHP Warning:  fclose() expects parameter 1 to be resource, bool given in /home/onlineorders/public_html/system/library/session/file.php on line 39
2025-03-30 0:04:42 - PHP Warning:  fopen(/home/onlineorders/public_html/system/storage/session/sess_3bfbc3878cb98d92caacee877f): failed to open stream: Permission denied in /home/onlineorders/public_html/system/library/session/file.php on line 29
2025-03-30 0:04:42 - PHP Warning:  flock() expects parameter 1 to be resource, bool given in /home/onlineorders/public_html/system/library/session/file.php on line 31
2025-03-30 0:04:42 - PHP Warning:  fwrite() expects parameter 1 to be resource, bool given in /home/onlineorders/public_html/system/library/session/file.php on line 33
2025-03-30 0:04:42 - PHP Warning:  fflush() expects parameter 1 to be resource, bool given in /home/onlineorders/public_html/system/library/session/file.php on line 35
2025-03-30 0:04:42 - PHP Warning:  flock() expects parameter 1 to be resource, bool given in /home/onlineorders/public_html/system/library/session/file.php on line 37
2025-03-30 0:04:42 - PHP Warning:  fclose() expects parameter 1 to be resource, bool given in /home/onlineorders/public_html/system/library/session/file.php on line 39
